17:56:22.058 INFO - Launching a standalone server
Setting system property webdriver.chrome.driver to node_modules/chromedriver/lib/chromedriver/chromedriver
17:56:22.090 INFO - Java: Apple Inc. 20.65-b04-462
17:56:22.090 INFO - OS: Mac OS X 10.8.5 x86_64
17:56:22.099 INFO - v2.45.0, with Core v2.45.0. Built from revision 5017cb8
17:56:22.158 INFO - Default driver org.openqa.selenium.ie.InternetExplorerDriver registration is skipped: registration capabilities Capabilities [{platform=WINDOWS, ensureCleanSession=true, browserName=internet explorer, version=}] does not match with current platform: MAC
17:56:22.204 INFO - RemoteWebDriver instances should connect to: http://127.0.0.1:4444/wd/hub
17:56:22.205 INFO - Version Jetty/5.1.x
17:56:22.205 INFO - Started HttpContext[/selenium-server/driver,/selenium-server/driver]
17:56:22.206 INFO - Started HttpContext[/selenium-server,/selenium-server]
17:56:22.206 INFO - Started HttpContext[/,/]
17:56:22.241 INFO - Started org.openqa.jetty.jetty.servlet.ServletHandler@3dbbd23f
17:56:22.241 INFO - Started HttpContext[/wd,/wd]
17:56:22.246 INFO - Started SocketListener on 0.0.0.0:4444
17:56:22.246 INFO - Started org.openqa.jetty.jetty.Server@35c0e45a
17:56:22.468 INFO - Executing: [new session: Capabilities [{platform=ANY, acceptSslCerts=true, javascriptEnabled=true, browserName=chrome, name=Chatroom Tests, chromeOptions={args=[disable-local-storage]}}]])
17:56:22.478 INFO - Creating a new session for Capabilities [{platform=ANY, acceptSslCerts=true, javascriptEnabled=true, browserName=chrome, name=Chatroom Tests, chromeOptions={args=[disable-local-storage]}}]
Starting ChromeDriver 2.15.322455 (ae8db840dac8d0c453355d3d922c91adfb61df8f) on port 25568
Only local connections are allowed.
17:56:29.030 INFO - Done: [new session: Capabilities [{platform=ANY, acceptSslCerts=true, javascriptEnabled=true, browserName=chrome, name=Chatroom Tests, chromeOptions={args=[disable-local-storage]}}]]
17:56:29.046 INFO - Executing: [get: http://localhost:3001])
17:56:29.977 INFO - Done: [get: http://localhost:3001]
17:56:29.989 INFO - Executing: [find elements: By.cssSelector: .welcome])
17:56:30.020 INFO - Done: [find elements: By.cssSelector: .welcome]
17:56:30.528 INFO - Executing: [find elements: By.cssSelector: .welcome])
17:56:30.555 INFO - Done: [find elements: By.cssSelector: .welcome]
17:56:30.559 INFO - Executing: [is displayed: 0 [[ChromeDriver: chrome on MAC (c431d84ea88bfaca6d2d09fe1356c71b)] -> css selector: .welcome]])
17:56:30.574 INFO - Done: [is displayed: 0 [[ChromeDriver: chrome on MAC (c431d84ea88bfaca6d2d09fe1356c71b)] -> css selector: .welcome]]
17:56:30.582 INFO - Executing: [find element: By.cssSelector: .welcome])
17:56:30.596 INFO - Done: [find element: By.cssSelector: .welcome]
17:56:30.600 INFO - Executing: [get text: 0 [[ChromeDriver: chrome on MAC (c431d84ea88bfaca6d2d09fe1356c71b)] -> css selector: .welcome]])
17:56:30.617 INFO - Done: [get text: 0 [[ChromeDriver: chrome on MAC (c431d84ea88bfaca6d2d09fe1356c71b)] -> css selector: .welcome]]
17:56:30.622 INFO - Executing: [find element: By.cssSelector: .welcome])
17:56:30.634 INFO - Done: [find element: By.cssSelector: .welcome]
17:56:30.638 INFO - Executing: [get text: 0 [[ChromeDriver: chrome on MAC (c431d84ea88bfaca6d2d09fe1356c71b)] -> css selector: .welcome]])
17:56:30.653 INFO - Done: [get text: 0 [[ChromeDriver: chrome on MAC (c431d84ea88bfaca6d2d09fe1356c71b)] -> css selector: .welcome]]
17:56:30.660 INFO - Executing: [find elements: By.cssSelector: .msg-wrap:nth-child(1)])
17:56:30.675 INFO - Done: [find elements: By.cssSelector: .msg-wrap:nth-child(1)]
17:56:30.678 INFO - Executing: [is displayed: 1 [[ChromeDriver: chrome on MAC (c431d84ea88bfaca6d2d09fe1356c71b)] -> css selector: .msg-wrap:nth-child(1)]])
17:56:30.690 INFO - Done: [is displayed: 1 [[ChromeDriver: chrome on MAC (c431d84ea88bfaca6d2d09fe1356c71b)] -> css selector: .msg-wrap:nth-child(1)]]
17:56:30.700 INFO - Executing: [find element: By.cssSelector: .msg-wrap:nth-child(1)])
17:56:30.716 INFO - Done: [find element: By.cssSelector: .msg-wrap:nth-child(1)]
17:56:30.719 INFO - Executing: [get text: 1 [[ChromeDriver: chrome on MAC (c431d84ea88bfaca6d2d09fe1356c71b)] -> css selector: .msg-wrap:nth-child(1)]])
17:56:30.739 INFO - Done: [get text: 1 [[ChromeDriver: chrome on MAC (c431d84ea88bfaca6d2d09fe1356c71b)] -> css selector: .msg-wrap:nth-child(1)]]
17:56:30.748 INFO - Executing: [find element: By.cssSelector: textarea])
17:56:30.762 INFO - Done: [find element: By.cssSelector: textarea]
17:56:30.768 INFO - Executing: [send keys: 2 [[ChromeDriver: chrome on MAC (c431d84ea88bfaca6d2d09fe1356c71b)] -> css selector: textarea], [f, o, o,  , b, a, r,  , b, a, z, 
]])
17:56:30.859 INFO - Done: [send keys: 2 [[ChromeDriver: chrome on MAC (c431d84ea88bfaca6d2d09fe1356c71b)] -> css selector: textarea], [f, o, o,  , b, a, r,  , b, a, z, 
]]
17:56:30.863 INFO - Executing: [find elements: By.cssSelector: .msg-wrap:nth-child(2)])
17:56:30.882 INFO - Done: [find elements: By.cssSelector: .msg-wrap:nth-child(2)]
17:56:31.392 INFO - Executing: [find elements: By.cssSelector: .msg-wrap:nth-child(2)])
17:56:31.404 INFO - Done: [find elements: By.cssSelector: .msg-wrap:nth-child(2)]
17:56:31.408 INFO - Executing: [is displayed: 3 [[ChromeDriver: chrome on MAC (c431d84ea88bfaca6d2d09fe1356c71b)] -> css selector: .msg-wrap:nth-child(2)]])
17:56:31.421 INFO - Done: [is displayed: 3 [[ChromeDriver: chrome on MAC (c431d84ea88bfaca6d2d09fe1356c71b)] -> css selector: .msg-wrap:nth-child(2)]]
17:56:31.427 INFO - Executing: [find element: By.cssSelector: .msg-wrap:nth-child(2)])
17:56:31.441 INFO - Done: [find element: By.cssSelector: .msg-wrap:nth-child(2)]
17:56:31.445 INFO - Executing: [get text: 3 [[ChromeDriver: chrome on MAC (c431d84ea88bfaca6d2d09fe1356c71b)] -> css selector: .msg-wrap:nth-child(2)]])
17:56:31.474 INFO - Done: [get text: 3 [[ChromeDriver: chrome on MAC (c431d84ea88bfaca6d2d09fe1356c71b)] -> css selector: .msg-wrap:nth-child(2)]]
17:56:31.480 INFO - Executing: [find elements: By.cssSelector: .msg-wrap:nth-child(2)])
17:56:31.489 INFO - Done: [find elements: By.cssSelector: .msg-wrap:nth-child(2)]
17:56:31.493 INFO - Executing: [is displayed: 3 [[ChromeDriver: chrome on MAC (c431d84ea88bfaca6d2d09fe1356c71b)] -> css selector: .msg-wrap:nth-child(2)]])
17:56:31.501 INFO - Done: [is displayed: 3 [[ChromeDriver: chrome on MAC (c431d84ea88bfaca6d2d09fe1356c71b)] -> css selector: .msg-wrap:nth-child(2)]]
17:56:31.508 INFO - Executing: [find element: By.cssSelector: .msg-wrap:nth-child(2)])
17:56:31.516 INFO - Done: [find element: By.cssSelector: .msg-wrap:nth-child(2)]
17:56:31.519 INFO - Executing: [get text: 3 [[ChromeDriver: chrome on MAC (c431d84ea88bfaca6d2d09fe1356c71b)] -> css selector: .msg-wrap:nth-child(2)]])
17:56:31.533 INFO - Done: [get text: 3 [[ChromeDriver: chrome on MAC (c431d84ea88bfaca6d2d09fe1356c71b)] -> css selector: .msg-wrap:nth-child(2)]]
17:56:31.539 INFO - Executing: [find elements: By.cssSelector: .msg-wrap:nth-child(3)])
17:56:31.555 INFO - Done: [find elements: By.cssSelector: .msg-wrap:nth-child(3)]
17:56:31.559 INFO - Executing: [is displayed: 4 [[ChromeDriver: chrome on MAC (c431d84ea88bfaca6d2d09fe1356c71b)] -> css selector: .msg-wrap:nth-child(3)]])
17:56:31.571 INFO - Done: [is displayed: 4 [[ChromeDriver: chrome on MAC (c431d84ea88bfaca6d2d09fe1356c71b)] -> css selector: .msg-wrap:nth-child(3)]]
17:56:31.575 INFO - Executing: [find element: By.cssSelector: .msg-wrap:nth-child(3)])
17:56:31.588 INFO - Done: [find element: By.cssSelector: .msg-wrap:nth-child(3)]
17:56:31.591 INFO - Executing: [get text: 4 [[ChromeDriver: chrome on MAC (c431d84ea88bfaca6d2d09fe1356c71b)] -> css selector: .msg-wrap:nth-child(3)]])
17:56:31.614 INFO - Done: [get text: 4 [[ChromeDriver: chrome on MAC (c431d84ea88bfaca6d2d09fe1356c71b)] -> css selector: .msg-wrap:nth-child(3)]]
17:56:31.618 INFO - Executing: [find elements: By.cssSelector: .msg-wrap:nth-child(3)])
17:56:31.637 INFO - Done: [find elements: By.cssSelector: .msg-wrap:nth-child(3)]
17:56:31.641 INFO - Executing: [is displayed: 4 [[ChromeDriver: chrome on MAC (c431d84ea88bfaca6d2d09fe1356c71b)] -> css selector: .msg-wrap:nth-child(3)]])
17:56:31.657 INFO - Done: [is displayed: 4 [[ChromeDriver: chrome on MAC (c431d84ea88bfaca6d2d09fe1356c71b)] -> css selector: .msg-wrap:nth-child(3)]]
17:56:31.662 INFO - Executing: [find element: By.cssSelector: .msg-wrap:nth-child(3)])
17:56:31.675 INFO - Done: [find element: By.cssSelector: .msg-wrap:nth-child(3)]
17:56:31.678 INFO - Executing: [get text: 4 [[ChromeDriver: chrome on MAC (c431d84ea88bfaca6d2d09fe1356c71b)] -> css selector: .msg-wrap:nth-child(3)]])
17:56:31.699 INFO - Done: [get text: 4 [[ChromeDriver: chrome on MAC (c431d84ea88bfaca6d2d09fe1356c71b)] -> css selector: .msg-wrap:nth-child(3)]]
17:56:31.704 INFO - Executing: [find element: By.cssSelector: textarea])
17:56:31.718 INFO - Done: [find element: By.cssSelector: textarea]
17:56:31.722 INFO - Executing: [send keys: 2 [[ChromeDriver: chrome on MAC (c431d84ea88bfaca6d2d09fe1356c71b)] -> css selector: textarea], [O, M, G, R, O, F, L, 
]])
17:56:31.794 INFO - Done: [send keys: 2 [[ChromeDriver: chrome on MAC (c431d84ea88bfaca6d2d09fe1356c71b)] -> css selector: textarea], [O, M, G, R, O, F, L, 
]]
17:56:31.799 INFO - Executing: [find elements: By.cssSelector: .msg-wrap:nth-child(4)])
17:56:31.816 INFO - Done: [find elements: By.cssSelector: .msg-wrap:nth-child(4)]
17:56:32.322 INFO - Executing: [find elements: By.cssSelector: .msg-wrap:nth-child(4)])
17:56:32.339 INFO - Done: [find elements: By.cssSelector: .msg-wrap:nth-child(4)]
17:56:32.342 INFO - Executing: [is displayed: 5 [[ChromeDriver: chrome on MAC (c431d84ea88bfaca6d2d09fe1356c71b)] -> css selector: .msg-wrap:nth-child(4)]])
17:56:32.355 INFO - Done: [is displayed: 5 [[ChromeDriver: chrome on MAC (c431d84ea88bfaca6d2d09fe1356c71b)] -> css selector: .msg-wrap:nth-child(4)]]
17:56:32.359 INFO - Executing: [find element: By.cssSelector: .msg-wrap:nth-child(4)])
17:56:32.373 INFO - Done: [find element: By.cssSelector: .msg-wrap:nth-child(4)]
17:56:32.376 INFO - Executing: [get text: 5 [[ChromeDriver: chrome on MAC (c431d84ea88bfaca6d2d09fe1356c71b)] -> css selector: .msg-wrap:nth-child(4)]])
17:56:32.397 INFO - Done: [get text: 5 [[ChromeDriver: chrome on MAC (c431d84ea88bfaca6d2d09fe1356c71b)] -> css selector: .msg-wrap:nth-child(4)]]
17:56:32.401 INFO - Executing: [find elements: By.cssSelector: .msg-wrap:nth-child(4)])
17:56:32.410 INFO - Done: [find elements: By.cssSelector: .msg-wrap:nth-child(4)]
17:56:32.413 INFO - Executing: [is displayed: 5 [[ChromeDriver: chrome on MAC (c431d84ea88bfaca6d2d09fe1356c71b)] -> css selector: .msg-wrap:nth-child(4)]])
17:56:32.426 INFO - Done: [is displayed: 5 [[ChromeDriver: chrome on MAC (c431d84ea88bfaca6d2d09fe1356c71b)] -> css selector: .msg-wrap:nth-child(4)]]
17:56:32.429 INFO - Executing: [find element: By.cssSelector: .msg-wrap:nth-child(4)])
17:56:32.443 INFO - Done: [find element: By.cssSelector: .msg-wrap:nth-child(4)]
17:56:32.446 INFO - Executing: [get text: 5 [[ChromeDriver: chrome on MAC (c431d84ea88bfaca6d2d09fe1356c71b)] -> css selector: .msg-wrap:nth-child(4)]])
17:56:32.469 INFO - Done: [get text: 5 [[ChromeDriver: chrome on MAC (c431d84ea88bfaca6d2d09fe1356c71b)] -> css selector: .msg-wrap:nth-child(4)]]
17:56:32.472 INFO - Executing: [find elements: By.cssSelector: .msg-wrap:nth-child(5)])
17:56:32.486 INFO - Done: [find elements: By.cssSelector: .msg-wrap:nth-child(5)]
17:56:32.489 INFO - Executing: [is displayed: 6 [[ChromeDriver: chrome on MAC (c431d84ea88bfaca6d2d09fe1356c71b)] -> css selector: .msg-wrap:nth-child(5)]])
17:56:32.501 INFO - Done: [is displayed: 6 [[ChromeDriver: chrome on MAC (c431d84ea88bfaca6d2d09fe1356c71b)] -> css selector: .msg-wrap:nth-child(5)]]
17:56:32.505 INFO - Executing: [find element: By.cssSelector: .msg-wrap:nth-child(5)])
17:56:32.519 INFO - Done: [find element: By.cssSelector: .msg-wrap:nth-child(5)]
17:56:32.522 INFO - Executing: [get text: 6 [[ChromeDriver: chrome on MAC (c431d84ea88bfaca6d2d09fe1356c71b)] -> css selector: .msg-wrap:nth-child(5)]])
17:56:32.543 INFO - Done: [get text: 6 [[ChromeDriver: chrome on MAC (c431d84ea88bfaca6d2d09fe1356c71b)] -> css selector: .msg-wrap:nth-child(5)]]
17:56:32.547 INFO - Executing: [find elements: By.cssSelector: .msg-wrap:nth-child(5)])
17:56:32.560 INFO - Done: [find elements: By.cssSelector: .msg-wrap:nth-child(5)]
17:56:32.564 INFO - Executing: [is displayed: 6 [[ChromeDriver: chrome on MAC (c431d84ea88bfaca6d2d09fe1356c71b)] -> css selector: .msg-wrap:nth-child(5)]])
17:56:32.580 INFO - Done: [is displayed: 6 [[ChromeDriver: chrome on MAC (c431d84ea88bfaca6d2d09fe1356c71b)] -> css selector: .msg-wrap:nth-child(5)]]
17:56:32.583 INFO - Executing: [find element: By.cssSelector: .msg-wrap:nth-child(5)])
17:56:32.596 INFO - Done: [find element: By.cssSelector: .msg-wrap:nth-child(5)]
17:56:32.599 INFO - Executing: [get text: 6 [[ChromeDriver: chrome on MAC (c431d84ea88bfaca6d2d09fe1356c71b)] -> css selector: .msg-wrap:nth-child(5)]])
17:56:32.620 INFO - Done: [get text: 6 [[ChromeDriver: chrome on MAC (c431d84ea88bfaca6d2d09fe1356c71b)] -> css selector: .msg-wrap:nth-child(5)]]
17:56:32.624 INFO - Executing: [find element: By.cssSelector: textarea])
17:56:32.631 INFO - Done: [find element: By.cssSelector: textarea]
17:56:32.635 INFO - Executing: [send keys: 2 [[ChromeDriver: chrome on MAC (c431d84ea88bfaca6d2d09fe1356c71b)] -> css selector: textarea], [w, i, l, l,  , i, t,  , b, l, e, n, d, ?, 
]])
17:56:32.703 INFO - Done: [send keys: 2 [[ChromeDriver: chrome on MAC (c431d84ea88bfaca6d2d09fe1356c71b)] -> css selector: textarea], [w, i, l, l,  , i, t,  , b, l, e, n, d, ?, 
]]
17:56:32.707 INFO - Executing: [find elements: By.cssSelector: .msg-wrap:nth-child(6)])
17:56:32.727 INFO - Done: [find elements: By.cssSelector: .msg-wrap:nth-child(6)]
17:56:33.233 INFO - Executing: [find elements: By.cssSelector: .msg-wrap:nth-child(6)])
17:56:33.251 INFO - Done: [find elements: By.cssSelector: .msg-wrap:nth-child(6)]
17:56:33.255 INFO - Executing: [is displayed: 7 [[ChromeDriver: chrome on MAC (c431d84ea88bfaca6d2d09fe1356c71b)] -> css selector: .msg-wrap:nth-child(6)]])
17:56:33.267 INFO - Done: [is displayed: 7 [[ChromeDriver: chrome on MAC (c431d84ea88bfaca6d2d09fe1356c71b)] -> css selector: .msg-wrap:nth-child(6)]]
17:56:33.270 INFO - Executing: [find element: By.cssSelector: .msg-wrap:nth-child(6)])
17:56:33.283 INFO - Done: [find element: By.cssSelector: .msg-wrap:nth-child(6)]
17:56:33.285 INFO - Executing: [get text: 7 [[ChromeDriver: chrome on MAC (c431d84ea88bfaca6d2d09fe1356c71b)] -> css selector: .msg-wrap:nth-child(6)]])
17:56:33.306 INFO - Done: [get text: 7 [[ChromeDriver: chrome on MAC (c431d84ea88bfaca6d2d09fe1356c71b)] -> css selector: .msg-wrap:nth-child(6)]]
17:56:33.310 INFO - Executing: [find elements: By.cssSelector: .msg-wrap:nth-child(6)])
17:56:33.317 INFO - Done: [find elements: By.cssSelector: .msg-wrap:nth-child(6)]
17:56:33.320 INFO - Executing: [is displayed: 7 [[ChromeDriver: chrome on MAC (c431d84ea88bfaca6d2d09fe1356c71b)] -> css selector: .msg-wrap:nth-child(6)]])
17:56:33.331 INFO - Done: [is displayed: 7 [[ChromeDriver: chrome on MAC (c431d84ea88bfaca6d2d09fe1356c71b)] -> css selector: .msg-wrap:nth-child(6)]]
17:56:33.335 INFO - Executing: [find element: By.cssSelector: .msg-wrap:nth-child(6)])
17:56:33.348 INFO - Done: [find element: By.cssSelector: .msg-wrap:nth-child(6)]
17:56:33.351 INFO - Executing: [get text: 7 [[ChromeDriver: chrome on MAC (c431d84ea88bfaca6d2d09fe1356c71b)] -> css selector: .msg-wrap:nth-child(6)]])
17:56:33.372 INFO - Done: [get text: 7 [[ChromeDriver: chrome on MAC (c431d84ea88bfaca6d2d09fe1356c71b)] -> css selector: .msg-wrap:nth-child(6)]]
17:56:33.377 INFO - Executing: [find elements: By.cssSelector: .msg-wrap:nth-child(7)])
17:56:33.390 INFO - Done: [find elements: By.cssSelector: .msg-wrap:nth-child(7)]
17:56:33.394 INFO - Executing: [is displayed: 8 [[ChromeDriver: chrome on MAC (c431d84ea88bfaca6d2d09fe1356c71b)] -> css selector: .msg-wrap:nth-child(7)]])
17:56:33.406 INFO - Done: [is displayed: 8 [[ChromeDriver: chrome on MAC (c431d84ea88bfaca6d2d09fe1356c71b)] -> css selector: .msg-wrap:nth-child(7)]]
17:56:33.410 INFO - Executing: [find element: By.cssSelector: .msg-wrap:nth-child(7)])
17:56:33.423 INFO - Done: [find element: By.cssSelector: .msg-wrap:nth-child(7)]
17:56:33.426 INFO - Executing: [get text: 8 [[ChromeDriver: chrome on MAC (c431d84ea88bfaca6d2d09fe1356c71b)] -> css selector: .msg-wrap:nth-child(7)]])
17:56:33.448 INFO - Done: [get text: 8 [[ChromeDriver: chrome on MAC (c431d84ea88bfaca6d2d09fe1356c71b)] -> css selector: .msg-wrap:nth-child(7)]]
17:56:33.452 INFO - Executing: [find elements: By.cssSelector: .msg-wrap:nth-child(7)])
17:56:33.465 INFO - Done: [find elements: By.cssSelector: .msg-wrap:nth-child(7)]
17:56:33.467 INFO - Executing: [is displayed: 8 [[ChromeDriver: chrome on MAC (c431d84ea88bfaca6d2d09fe1356c71b)] -> css selector: .msg-wrap:nth-child(7)]])
17:56:33.480 INFO - Done: [is displayed: 8 [[ChromeDriver: chrome on MAC (c431d84ea88bfaca6d2d09fe1356c71b)] -> css selector: .msg-wrap:nth-child(7)]]
17:56:33.484 INFO - Executing: [find element: By.cssSelector: .msg-wrap:nth-child(7)])
17:56:33.497 INFO - Done: [find element: By.cssSelector: .msg-wrap:nth-child(7)]
17:56:33.500 INFO - Executing: [get text: 8 [[ChromeDriver: chrome on MAC (c431d84ea88bfaca6d2d09fe1356c71b)] -> css selector: .msg-wrap:nth-child(7)]])
17:56:33.522 INFO - Done: [get text: 8 [[ChromeDriver: chrome on MAC (c431d84ea88bfaca6d2d09fe1356c71b)] -> css selector: .msg-wrap:nth-child(7)]]
17:56:33.525 INFO - Executing: [find element: By.cssSelector: textarea])
17:56:33.533 INFO - Done: [find element: By.cssSelector: textarea]
17:56:33.536 INFO - Executing: [send keys: 2 [[ChromeDriver: chrome on MAC (c431d84ea88bfaca6d2d09fe1356c71b)] -> css selector: textarea], [
]])
17:56:33.553 INFO - Done: [send keys: 2 [[ChromeDriver: chrome on MAC (c431d84ea88bfaca6d2d09fe1356c71b)] -> css selector: textarea], [
]]
17:56:33.557 INFO - Executing: [find elements: By.cssSelector: .msg-wrap:nth-child(8)])
17:56:33.569 INFO - Done: [find elements: By.cssSelector: .msg-wrap:nth-child(8)]
17:56:34.075 INFO - Executing: [find elements: By.cssSelector: .msg-wrap:nth-child(8)])
17:56:34.102 INFO - Done: [find elements: By.cssSelector: .msg-wrap:nth-child(8)]
17:56:34.105 INFO - Executing: [is displayed: 9 [[ChromeDriver: chrome on MAC (c431d84ea88bfaca6d2d09fe1356c71b)] -> css selector: .msg-wrap:nth-child(8)]])
17:56:34.116 INFO - Done: [is displayed: 9 [[ChromeDriver: chrome on MAC (c431d84ea88bfaca6d2d09fe1356c71b)] -> css selector: .msg-wrap:nth-child(8)]]
17:56:34.120 INFO - Executing: [find element: By.cssSelector: .msg-wrap:nth-child(8)])
17:56:34.133 INFO - Done: [find element: By.cssSelector: .msg-wrap:nth-child(8)]
17:56:34.135 INFO - Executing: [get text: 9 [[ChromeDriver: chrome on MAC (c431d84ea88bfaca6d2d09fe1356c71b)] -> css selector: .msg-wrap:nth-child(8)]])
17:56:34.157 INFO - Done: [get text: 9 [[ChromeDriver: chrome on MAC (c431d84ea88bfaca6d2d09fe1356c71b)] -> css selector: .msg-wrap:nth-child(8)]]
17:56:34.161 INFO - Executing: [find elements: By.cssSelector: .msg-wrap:nth-child(9)])
17:56:34.174 INFO - Done: [find elements: By.cssSelector: .msg-wrap:nth-child(9)]
17:56:34.180 INFO - Executing: [is displayed: 10 [[ChromeDriver: chrome on MAC (c431d84ea88bfaca6d2d09fe1356c71b)] -> css selector: .msg-wrap:nth-child(9)]])
17:56:34.191 INFO - Done: [is displayed: 10 [[ChromeDriver: chrome on MAC (c431d84ea88bfaca6d2d09fe1356c71b)] -> css selector: .msg-wrap:nth-child(9)]]
17:56:34.195 INFO - Executing: [find element: By.cssSelector: .msg-wrap:nth-child(9)])
17:56:34.207 INFO - Done: [find element: By.cssSelector: .msg-wrap:nth-child(9)]
17:56:34.210 INFO - Executing: [get text: 10 [[ChromeDriver: chrome on MAC (c431d84ea88bfaca6d2d09fe1356c71b)] -> css selector: .msg-wrap:nth-child(9)]])
17:56:34.229 INFO - Done: [get text: 10 [[ChromeDriver: chrome on MAC (c431d84ea88bfaca6d2d09fe1356c71b)] -> css selector: .msg-wrap:nth-child(9)]]
17:56:34.235 INFO - Executing: [find elements: By.cssSelector: .msg-wrap:nth-child(9)])
17:56:34.247 INFO - Done: [find elements: By.cssSelector: .msg-wrap:nth-child(9)]
17:56:34.250 INFO - Executing: [is displayed: 10 [[ChromeDriver: chrome on MAC (c431d84ea88bfaca6d2d09fe1356c71b)] -> css selector: .msg-wrap:nth-child(9)]])
17:56:34.256 INFO - Done: [is displayed: 10 [[ChromeDriver: chrome on MAC (c431d84ea88bfaca6d2d09fe1356c71b)] -> css selector: .msg-wrap:nth-child(9)]]
17:56:34.260 INFO - Executing: [find element: By.cssSelector: .msg-wrap:nth-child(9)])
17:56:34.267 INFO - Done: [find element: By.cssSelector: .msg-wrap:nth-child(9)]
17:56:34.270 INFO - Executing: [get text: 10 [[ChromeDriver: chrome on MAC (c431d84ea88bfaca6d2d09fe1356c71b)] -> css selector: .msg-wrap:nth-child(9)]])
17:56:34.282 INFO - Done: [get text: 10 [[ChromeDriver: chrome on MAC (c431d84ea88bfaca6d2d09fe1356c71b)] -> css selector: .msg-wrap:nth-child(9)]]
17:56:34.286 INFO - Executing: [find element: By.cssSelector: textarea])
17:56:34.293 INFO - Done: [find element: By.cssSelector: textarea]
17:56:34.298 INFO - Executing: [send keys: 2 [[ChromeDriver: chrome on MAC (c431d84ea88bfaca6d2d09fe1356c71b)] -> css selector: textarea], [@, b, o, b,  , a, r, e,  , w, e,  , f, r, i, e, n, d, s, ?, 
]])
17:56:34.381 INFO - Done: [send keys: 2 [[ChromeDriver: chrome on MAC (c431d84ea88bfaca6d2d09fe1356c71b)] -> css selector: textarea], [@, b, o, b,  , a, r, e,  , w, e,  , f, r, i, e, n, d, s, ?, 
]]
17:56:34.385 INFO - Executing: [find elements: By.cssSelector: .msg-wrap:nth-child(10)])
17:56:34.397 INFO - Done: [find elements: By.cssSelector: .msg-wrap:nth-child(10)]
17:56:34.902 INFO - Executing: [find elements: By.cssSelector: .msg-wrap:nth-child(10)])
17:56:34.916 INFO - Done: [find elements: By.cssSelector: .msg-wrap:nth-child(10)]
17:56:34.919 INFO - Executing: [is displayed: 11 [[ChromeDriver: chrome on MAC (c431d84ea88bfaca6d2d09fe1356c71b)] -> css selector: .msg-wrap:nth-child(10)]])
17:56:34.929 INFO - Done: [is displayed: 11 [[ChromeDriver: chrome on MAC (c431d84ea88bfaca6d2d09fe1356c71b)] -> css selector: .msg-wrap:nth-child(10)]]
17:56:34.933 INFO - Executing: [find element: By.cssSelector: .msg-wrap:nth-child(10)])
17:56:34.946 INFO - Done: [find element: By.cssSelector: .msg-wrap:nth-child(10)]
17:56:34.949 INFO - Executing: [get text: 11 [[ChromeDriver: chrome on MAC (c431d84ea88bfaca6d2d09fe1356c71b)] -> css selector: .msg-wrap:nth-child(10)]])
17:56:34.969 INFO - Done: [get text: 11 [[ChromeDriver: chrome on MAC (c431d84ea88bfaca6d2d09fe1356c71b)] -> css selector: .msg-wrap:nth-child(10)]]
17:56:34.972 INFO - Executing: [find elements: By.cssSelector: .msg-wrap:nth-child(10)])
17:56:34.979 INFO - Done: [find elements: By.cssSelector: .msg-wrap:nth-child(10)]
17:56:34.982 INFO - Executing: [is displayed: 11 [[ChromeDriver: chrome on MAC (c431d84ea88bfaca6d2d09fe1356c71b)] -> css selector: .msg-wrap:nth-child(10)]])
17:56:34.993 INFO - Done: [is displayed: 11 [[ChromeDriver: chrome on MAC (c431d84ea88bfaca6d2d09fe1356c71b)] -> css selector: .msg-wrap:nth-child(10)]]
17:56:34.996 INFO - Executing: [find element: By.cssSelector: .msg-wrap:nth-child(10)])
17:56:35.015 INFO - Done: [find element: By.cssSelector: .msg-wrap:nth-child(10)]
17:56:35.018 INFO - Executing: [get text: 11 [[ChromeDriver: chrome on MAC (c431d84ea88bfaca6d2d09fe1356c71b)] -> css selector: .msg-wrap:nth-child(10)]])
17:56:35.038 INFO - Done: [get text: 11 [[ChromeDriver: chrome on MAC (c431d84ea88bfaca6d2d09fe1356c71b)] -> css selector: .msg-wrap:nth-child(10)]]
17:56:35.042 INFO - Executing: [find elements: By.cssSelector: .msg-wrap:nth-child(11)])
17:56:35.103 INFO - Done: [find elements: By.cssSelector: .msg-wrap:nth-child(11)]
17:56:35.107 INFO - Executing: [is displayed: 12 [[ChromeDriver: chrome on MAC (c431d84ea88bfaca6d2d09fe1356c71b)] -> css selector: .msg-wrap:nth-child(11)]])
17:56:35.119 INFO - Done: [is displayed: 12 [[ChromeDriver: chrome on MAC (c431d84ea88bfaca6d2d09fe1356c71b)] -> css selector: .msg-wrap:nth-child(11)]]
17:56:35.122 INFO - Executing: [find element: By.cssSelector: .msg-wrap:nth-child(11)])
17:56:35.134 INFO - Done: [find element: By.cssSelector: .msg-wrap:nth-child(11)]
17:56:35.137 INFO - Executing: [get text: 12 [[ChromeDriver: chrome on MAC (c431d84ea88bfaca6d2d09fe1356c71b)] -> css selector: .msg-wrap:nth-child(11)]])
17:56:35.158 INFO - Done: [get text: 12 [[ChromeDriver: chrome on MAC (c431d84ea88bfaca6d2d09fe1356c71b)] -> css selector: .msg-wrap:nth-child(11)]]
17:56:35.162 INFO - Executing: [find elements: By.cssSelector: .msg-wrap:nth-child(11)])
17:56:35.176 INFO - Done: [find elements: By.cssSelector: .msg-wrap:nth-child(11)]
17:56:35.179 INFO - Executing: [is displayed: 12 [[ChromeDriver: chrome on MAC (c431d84ea88bfaca6d2d09fe1356c71b)] -> css selector: .msg-wrap:nth-child(11)]])
17:56:35.191 INFO - Done: [is displayed: 12 [[ChromeDriver: chrome on MAC (c431d84ea88bfaca6d2d09fe1356c71b)] -> css selector: .msg-wrap:nth-child(11)]]
17:56:35.194 INFO - Executing: [find element: By.cssSelector: .msg-wrap:nth-child(11)])
17:56:35.207 INFO - Done: [find element: By.cssSelector: .msg-wrap:nth-child(11)]
17:56:35.209 INFO - Executing: [get text: 12 [[ChromeDriver: chrome on MAC (c431d84ea88bfaca6d2d09fe1356c71b)] -> css selector: .msg-wrap:nth-child(11)]])
17:56:35.232 INFO - Done: [get text: 12 [[ChromeDriver: chrome on MAC (c431d84ea88bfaca6d2d09fe1356c71b)] -> css selector: .msg-wrap:nth-child(11)]]
17:56:35.237 INFO - Executing: [execute script: var passedArgs = Array.prototype.slice.call(arguments,0); return function () {
        window.open('http://localhost:3001', 'userB', 'height=700,width=600')
      }.apply(window, passedArgs);, []])
17:56:35.483 INFO - Done: [execute script: var passedArgs = Array.prototype.slice.call(arguments,0); return function () {
        window.open('http://localhost:3001', 'userB', 'height=700,width=600')
      }.apply(window, passedArgs);, []]
17:56:35.485 INFO - Executing: [get window handles])
17:56:35.738 INFO - Done: [get window handles]
17:56:35.743 INFO - Executing: [switch to window: CDwindow-D282A9E0-6865-4D06-972B-EDBF1E6653B7])
17:56:35.747 INFO - Done: [switch to window: CDwindow-D282A9E0-6865-4D06-972B-EDBF1E6653B7]
17:56:35.853 INFO - Executing: [find element: By.cssSelector: .welcome])
17:56:35.878 INFO - Done: [find element: By.cssSelector: .welcome]
17:56:35.881 INFO - Executing: [get text: 13 [[ChromeDriver: chrome on MAC (c431d84ea88bfaca6d2d09fe1356c71b)] -> css selector: .welcome]])
17:56:35.897 INFO - Done: [get text: 13 [[ChromeDriver: chrome on MAC (c431d84ea88bfaca6d2d09fe1356c71b)] -> css selector: .welcome]]
17:56:35.900 INFO - Executing: [find elements: By.cssSelector: .msg-wrap:nth-child(1)])
17:56:35.912 INFO - Done: [find elements: By.cssSelector: .msg-wrap:nth-child(1)]
17:56:35.915 INFO - Executing: [is displayed: 14 [[ChromeDriver: chrome on MAC (c431d84ea88bfaca6d2d09fe1356c71b)] -> css selector: .msg-wrap:nth-child(1)]])
17:56:35.927 INFO - Done: [is displayed: 14 [[ChromeDriver: chrome on MAC (c431d84ea88bfaca6d2d09fe1356c71b)] -> css selector: .msg-wrap:nth-child(1)]]
17:56:35.930 INFO - Executing: [find element: By.cssSelector: .msg-wrap:nth-child(1)])
17:56:35.944 INFO - Done: [find element: By.cssSelector: .msg-wrap:nth-child(1)]
17:56:35.946 INFO - Executing: [get text: 14 [[ChromeDriver: chrome on MAC (c431d84ea88bfaca6d2d09fe1356c71b)] -> css selector: .msg-wrap:nth-child(1)]])
17:56:35.963 INFO - Done: [get text: 14 [[ChromeDriver: chrome on MAC (c431d84ea88bfaca6d2d09fe1356c71b)] -> css selector: .msg-wrap:nth-child(1)]]
17:56:35.966 INFO - Executing: [find elements: By.cssSelector: .msg-wrap:nth-child(2)])
17:56:35.979 INFO - Done: [find elements: By.cssSelector: .msg-wrap:nth-child(2)]
17:56:35.982 INFO - Executing: [is displayed: 15 [[ChromeDriver: chrome on MAC (c431d84ea88bfaca6d2d09fe1356c71b)] -> css selector: .msg-wrap:nth-child(2)]])
17:56:35.995 INFO - Done: [is displayed: 15 [[ChromeDriver: chrome on MAC (c431d84ea88bfaca6d2d09fe1356c71b)] -> css selector: .msg-wrap:nth-child(2)]]
17:56:35.999 INFO - Executing: [find element: By.cssSelector: .msg-wrap:nth-child(2)])
17:56:36.012 INFO - Done: [find element: By.cssSelector: .msg-wrap:nth-child(2)]
17:56:36.014 INFO - Executing: [get text: 15 [[ChromeDriver: chrome on MAC (c431d84ea88bfaca6d2d09fe1356c71b)] -> css selector: .msg-wrap:nth-child(2)]])
17:56:36.041 INFO - Done: [get text: 15 [[ChromeDriver: chrome on MAC (c431d84ea88bfaca6d2d09fe1356c71b)] -> css selector: .msg-wrap:nth-child(2)]]
17:56:36.045 INFO - Executing: [find elements: By.cssSelector: .msg-wrap:nth-child(2)])
17:56:36.052 INFO - Done: [find elements: By.cssSelector: .msg-wrap:nth-child(2)]
17:56:36.055 INFO - Executing: [is displayed: 15 [[ChromeDriver: chrome on MAC (c431d84ea88bfaca6d2d09fe1356c71b)] -> css selector: .msg-wrap:nth-child(2)]])
17:56:36.061 INFO - Done: [is displayed: 15 [[ChromeDriver: chrome on MAC (c431d84ea88bfaca6d2d09fe1356c71b)] -> css selector: .msg-wrap:nth-child(2)]]
17:56:36.064 INFO - Executing: [find element: By.cssSelector: .msg-wrap:nth-child(2)])
17:56:36.072 INFO - Done: [find element: By.cssSelector: .msg-wrap:nth-child(2)]
17:56:36.074 INFO - Executing: [get text: 15 [[ChromeDriver: chrome on MAC (c431d84ea88bfaca6d2d09fe1356c71b)] -> css selector: .msg-wrap:nth-child(2)]])
17:56:36.099 INFO - Done: [get text: 15 [[ChromeDriver: chrome on MAC (c431d84ea88bfaca6d2d09fe1356c71b)] -> css selector: .msg-wrap:nth-child(2)]]
17:56:36.103 INFO - Executing: [find elements: By.cssSelector: .msg-wrap:nth-child(3)])
17:56:36.116 INFO - Done: [find elements: By.cssSelector: .msg-wrap:nth-child(3)]
17:56:36.118 INFO - Executing: [is displayed: 16 [[ChromeDriver: chrome on MAC (c431d84ea88bfaca6d2d09fe1356c71b)] -> css selector: .msg-wrap:nth-child(3)]])
17:56:36.130 INFO - Done: [is displayed: 16 [[ChromeDriver: chrome on MAC (c431d84ea88bfaca6d2d09fe1356c71b)] -> css selector: .msg-wrap:nth-child(3)]]
17:56:36.134 INFO - Executing: [find element: By.cssSelector: .msg-wrap:nth-child(3)])
17:56:36.148 INFO - Done: [find element: By.cssSelector: .msg-wrap:nth-child(3)]
17:56:36.152 INFO - Executing: [get text: 16 [[ChromeDriver: chrome on MAC (c431d84ea88bfaca6d2d09fe1356c71b)] -> css selector: .msg-wrap:nth-child(3)]])
17:56:36.182 INFO - Done: [get text: 16 [[ChromeDriver: chrome on MAC (c431d84ea88bfaca6d2d09fe1356c71b)] -> css selector: .msg-wrap:nth-child(3)]]
17:56:36.185 INFO - Executing: [find elements: By.cssSelector: .msg-wrap:nth-child(3)])
17:56:36.199 INFO - Done: [find elements: By.cssSelector: .msg-wrap:nth-child(3)]
17:56:36.201 INFO - Executing: [is displayed: 16 [[ChromeDriver: chrome on MAC (c431d84ea88bfaca6d2d09fe1356c71b)] -> css selector: .msg-wrap:nth-child(3)]])
17:56:36.212 INFO - Done: [is displayed: 16 [[ChromeDriver: chrome on MAC (c431d84ea88bfaca6d2d09fe1356c71b)] -> css selector: .msg-wrap:nth-child(3)]]
17:56:36.216 INFO - Executing: [find element: By.cssSelector: .msg-wrap:nth-child(3)])
17:56:36.229 INFO - Done: [find element: By.cssSelector: .msg-wrap:nth-child(3)]
17:56:36.231 INFO - Executing: [get text: 16 [[ChromeDriver: chrome on MAC (c431d84ea88bfaca6d2d09fe1356c71b)] -> css selector: .msg-wrap:nth-child(3)]])
17:56:36.251 INFO - Done: [get text: 16 [[ChromeDriver: chrome on MAC (c431d84ea88bfaca6d2d09fe1356c71b)] -> css selector: .msg-wrap:nth-child(3)]]
17:56:36.254 INFO - Executing: [find elements: By.cssSelector: .msg-wrap:nth-child(4)])
17:56:36.267 INFO - Done: [find elements: By.cssSelector: .msg-wrap:nth-child(4)]
17:56:36.269 INFO - Executing: [is displayed: 17 [[ChromeDriver: chrome on MAC (c431d84ea88bfaca6d2d09fe1356c71b)] -> css selector: .msg-wrap:nth-child(4)]])
17:56:36.280 INFO - Done: [is displayed: 17 [[ChromeDriver: chrome on MAC (c431d84ea88bfaca6d2d09fe1356c71b)] -> css selector: .msg-wrap:nth-child(4)]]
17:56:36.288 INFO - Executing: [find element: By.cssSelector: .msg-wrap:nth-child(4)])
17:56:36.301 INFO - Done: [find element: By.cssSelector: .msg-wrap:nth-child(4)]
17:56:36.310 INFO - Executing: [get text: 17 [[ChromeDriver: chrome on MAC (c431d84ea88bfaca6d2d09fe1356c71b)] -> css selector: .msg-wrap:nth-child(4)]])
17:56:36.330 INFO - Done: [get text: 17 [[ChromeDriver: chrome on MAC (c431d84ea88bfaca6d2d09fe1356c71b)] -> css selector: .msg-wrap:nth-child(4)]]
17:56:36.333 INFO - Executing: [find elements: By.cssSelector: .msg-wrap:nth-child(4)])
17:56:36.346 INFO - Done: [find elements: By.cssSelector: .msg-wrap:nth-child(4)]
17:56:36.350 INFO - Executing: [is displayed: 17 [[ChromeDriver: chrome on MAC (c431d84ea88bfaca6d2d09fe1356c71b)] -> css selector: .msg-wrap:nth-child(4)]])
17:56:36.362 INFO - Done: [is displayed: 17 [[ChromeDriver: chrome on MAC (c431d84ea88bfaca6d2d09fe1356c71b)] -> css selector: .msg-wrap:nth-child(4)]]
17:56:36.365 INFO - Executing: [find element: By.cssSelector: .msg-wrap:nth-child(4)])
17:56:36.379 INFO - Done: [find element: By.cssSelector: .msg-wrap:nth-child(4)]
17:56:36.381 INFO - Executing: [get text: 17 [[ChromeDriver: chrome on MAC (c431d84ea88bfaca6d2d09fe1356c71b)] -> css selector: .msg-wrap:nth-child(4)]])
17:56:36.401 INFO - Done: [get text: 17 [[ChromeDriver: chrome on MAC (c431d84ea88bfaca6d2d09fe1356c71b)] -> css selector: .msg-wrap:nth-child(4)]]
17:56:36.404 INFO - Executing: [find elements: By.cssSelector: .msg-wrap:nth-child(5)])
17:56:36.417 INFO - Done: [find elements: By.cssSelector: .msg-wrap:nth-child(5)]
17:56:36.419 INFO - Executing: [is displayed: 18 [[ChromeDriver: chrome on MAC (c431d84ea88bfaca6d2d09fe1356c71b)] -> css selector: .msg-wrap:nth-child(5)]])
17:56:36.431 INFO - Done: [is displayed: 18 [[ChromeDriver: chrome on MAC (c431d84ea88bfaca6d2d09fe1356c71b)] -> css selector: .msg-wrap:nth-child(5)]]
17:56:36.434 INFO - Executing: [find element: By.cssSelector: .msg-wrap:nth-child(5)])
17:56:36.448 INFO - Done: [find element: By.cssSelector: .msg-wrap:nth-child(5)]
17:56:36.450 INFO - Executing: [get text: 18 [[ChromeDriver: chrome on MAC (c431d84ea88bfaca6d2d09fe1356c71b)] -> css selector: .msg-wrap:nth-child(5)]])
17:56:36.471 INFO - Done: [get text: 18 [[ChromeDriver: chrome on MAC (c431d84ea88bfaca6d2d09fe1356c71b)] -> css selector: .msg-wrap:nth-child(5)]]
17:56:36.474 INFO - Executing: [find elements: By.cssSelector: .msg-wrap:nth-child(5)])
17:56:36.486 INFO - Done: [find elements: By.cssSelector: .msg-wrap:nth-child(5)]
17:56:36.489 INFO - Executing: [is displayed: 18 [[ChromeDriver: chrome on MAC (c431d84ea88bfaca6d2d09fe1356c71b)] -> css selector: .msg-wrap:nth-child(5)]])
17:56:36.501 INFO - Done: [is displayed: 18 [[ChromeDriver: chrome on MAC (c431d84ea88bfaca6d2d09fe1356c71b)] -> css selector: .msg-wrap:nth-child(5)]]
17:56:36.504 INFO - Executing: [find element: By.cssSelector: .msg-wrap:nth-child(5)])
17:56:36.516 INFO - Done: [find element: By.cssSelector: .msg-wrap:nth-child(5)]
17:56:36.519 INFO - Executing: [get text: 18 [[ChromeDriver: chrome on MAC (c431d84ea88bfaca6d2d09fe1356c71b)] -> css selector: .msg-wrap:nth-child(5)]])
17:56:36.539 INFO - Done: [get text: 18 [[ChromeDriver: chrome on MAC (c431d84ea88bfaca6d2d09fe1356c71b)] -> css selector: .msg-wrap:nth-child(5)]]
17:56:36.541 INFO - Executing: [find elements: By.cssSelector: .msg-wrap:nth-child(6)])
17:56:36.555 INFO - Done: [find elements: By.cssSelector: .msg-wrap:nth-child(6)]
17:56:36.557 INFO - Executing: [is displayed: 19 [[ChromeDriver: chrome on MAC (c431d84ea88bfaca6d2d09fe1356c71b)] -> css selector: .msg-wrap:nth-child(6)]])
17:56:36.569 INFO - Done: [is displayed: 19 [[ChromeDriver: chrome on MAC (c431d84ea88bfaca6d2d09fe1356c71b)] -> css selector: .msg-wrap:nth-child(6)]]
17:56:36.572 INFO - Executing: [find element: By.cssSelector: .msg-wrap:nth-child(6)])
17:56:36.585 INFO - Done: [find element: By.cssSelector: .msg-wrap:nth-child(6)]
17:56:36.588 INFO - Executing: [get text: 19 [[ChromeDriver: chrome on MAC (c431d84ea88bfaca6d2d09fe1356c71b)] -> css selector: .msg-wrap:nth-child(6)]])
17:56:36.608 INFO - Done: [get text: 19 [[ChromeDriver: chrome on MAC (c431d84ea88bfaca6d2d09fe1356c71b)] -> css selector: .msg-wrap:nth-child(6)]]
17:56:36.611 INFO - Executing: [find elements: By.cssSelector: .msg-wrap:nth-child(6)])
17:56:36.627 INFO - Done: [find elements: By.cssSelector: .msg-wrap:nth-child(6)]
17:56:36.630 INFO - Executing: [is displayed: 19 [[ChromeDriver: chrome on MAC (c431d84ea88bfaca6d2d09fe1356c71b)] -> css selector: .msg-wrap:nth-child(6)]])
17:56:36.641 INFO - Done: [is displayed: 19 [[ChromeDriver: chrome on MAC (c431d84ea88bfaca6d2d09fe1356c71b)] -> css selector: .msg-wrap:nth-child(6)]]
17:56:36.644 INFO - Executing: [find element: By.cssSelector: .msg-wrap:nth-child(6)])
17:56:36.657 INFO - Done: [find element: By.cssSelector: .msg-wrap:nth-child(6)]
17:56:36.659 INFO - Executing: [get text: 19 [[ChromeDriver: chrome on MAC (c431d84ea88bfaca6d2d09fe1356c71b)] -> css selector: .msg-wrap:nth-child(6)]])
17:56:36.680 INFO - Done: [get text: 19 [[ChromeDriver: chrome on MAC (c431d84ea88bfaca6d2d09fe1356c71b)] -> css selector: .msg-wrap:nth-child(6)]]
17:56:36.687 INFO - Executing: [find elements: By.cssSelector: .msg-wrap:nth-child(7)])
17:56:36.700 INFO - Done: [find elements: By.cssSelector: .msg-wrap:nth-child(7)]
17:56:36.702 INFO - Executing: [is displayed: 20 [[ChromeDriver: chrome on MAC (c431d84ea88bfaca6d2d09fe1356c71b)] -> css selector: .msg-wrap:nth-child(7)]])
17:56:36.717 INFO - Done: [is displayed: 20 [[ChromeDriver: chrome on MAC (c431d84ea88bfaca6d2d09fe1356c71b)] -> css selector: .msg-wrap:nth-child(7)]]
17:56:36.720 INFO - Executing: [find element: By.cssSelector: .msg-wrap:nth-child(7)])
17:56:36.734 INFO - Done: [find element: By.cssSelector: .msg-wrap:nth-child(7)]
17:56:36.736 INFO - Executing: [get text: 20 [[ChromeDriver: chrome on MAC (c431d84ea88bfaca6d2d09fe1356c71b)] -> css selector: .msg-wrap:nth-child(7)]])
17:56:36.757 INFO - Done: [get text: 20 [[ChromeDriver: chrome on MAC (c431d84ea88bfaca6d2d09fe1356c71b)] -> css selector: .msg-wrap:nth-child(7)]]
17:56:36.760 INFO - Executing: [find elements: By.cssSelector: .msg-wrap:nth-child(7)])
17:56:36.773 INFO - Done: [find elements: By.cssSelector: .msg-wrap:nth-child(7)]
17:56:36.775 INFO - Executing: [is displayed: 20 [[ChromeDriver: chrome on MAC (c431d84ea88bfaca6d2d09fe1356c71b)] -> css selector: .msg-wrap:nth-child(7)]])
17:56:36.788 INFO - Done: [is displayed: 20 [[ChromeDriver: chrome on MAC (c431d84ea88bfaca6d2d09fe1356c71b)] -> css selector: .msg-wrap:nth-child(7)]]
17:56:36.791 INFO - Executing: [find element: By.cssSelector: .msg-wrap:nth-child(7)])
17:56:36.804 INFO - Done: [find element: By.cssSelector: .msg-wrap:nth-child(7)]
17:56:36.806 INFO - Executing: [get text: 20 [[ChromeDriver: chrome on MAC (c431d84ea88bfaca6d2d09fe1356c71b)] -> css selector: .msg-wrap:nth-child(7)]])
17:56:36.828 INFO - Done: [get text: 20 [[ChromeDriver: chrome on MAC (c431d84ea88bfaca6d2d09fe1356c71b)] -> css selector: .msg-wrap:nth-child(7)]]
17:56:36.831 INFO - Executing: [find elements: By.cssSelector: .msg-wrap:nth-child(8)])
17:56:36.839 INFO - Done: [find elements: By.cssSelector: .msg-wrap:nth-child(8)]
17:56:36.842 INFO - Executing: [is displayed: 21 [[ChromeDriver: chrome on MAC (c431d84ea88bfaca6d2d09fe1356c71b)] -> css selector: .msg-wrap:nth-child(8)]])
17:56:36.854 INFO - Done: [is displayed: 21 [[ChromeDriver: chrome on MAC (c431d84ea88bfaca6d2d09fe1356c71b)] -> css selector: .msg-wrap:nth-child(8)]]
17:56:36.857 INFO - Executing: [find element: By.cssSelector: .msg-wrap:nth-child(8)])
17:56:36.870 INFO - Done: [find element: By.cssSelector: .msg-wrap:nth-child(8)]
17:56:36.873 INFO - Executing: [get text: 21 [[ChromeDriver: chrome on MAC (c431d84ea88bfaca6d2d09fe1356c71b)] -> css selector: .msg-wrap:nth-child(8)]])
17:56:36.894 INFO - Done: [get text: 21 [[ChromeDriver: chrome on MAC (c431d84ea88bfaca6d2d09fe1356c71b)] -> css selector: .msg-wrap:nth-child(8)]]
17:56:36.898 INFO - Executing: [find elements: By.cssSelector: .msg-wrap:nth-child(9)])
17:56:36.905 INFO - Done: [find elements: By.cssSelector: .msg-wrap:nth-child(9)]
17:56:36.908 INFO - Executing: [is displayed: 22 [[ChromeDriver: chrome on MAC (c431d84ea88bfaca6d2d09fe1356c71b)] -> css selector: .msg-wrap:nth-child(9)]])
17:56:36.924 INFO - Done: [is displayed: 22 [[ChromeDriver: chrome on MAC (c431d84ea88bfaca6d2d09fe1356c71b)] -> css selector: .msg-wrap:nth-child(9)]]
17:56:36.933 INFO - Executing: [find element: By.cssSelector: .msg-wrap:nth-child(9)])
17:56:36.941 INFO - Done: [find element: By.cssSelector: .msg-wrap:nth-child(9)]
17:56:36.943 INFO - Executing: [get text: 22 [[ChromeDriver: chrome on MAC (c431d84ea88bfaca6d2d09fe1356c71b)] -> css selector: .msg-wrap:nth-child(9)]])
17:56:36.965 INFO - Done: [get text: 22 [[ChromeDriver: chrome on MAC (c431d84ea88bfaca6d2d09fe1356c71b)] -> css selector: .msg-wrap:nth-child(9)]]
17:56:36.968 INFO - Executing: [find elements: By.cssSelector: .msg-wrap:nth-child(9)])
17:56:36.974 INFO - Done: [find elements: By.cssSelector: .msg-wrap:nth-child(9)]
17:56:36.977 INFO - Executing: [is displayed: 22 [[ChromeDriver: chrome on MAC (c431d84ea88bfaca6d2d09fe1356c71b)] -> css selector: .msg-wrap:nth-child(9)]])
17:56:36.988 INFO - Done: [is displayed: 22 [[ChromeDriver: chrome on MAC (c431d84ea88bfaca6d2d09fe1356c71b)] -> css selector: .msg-wrap:nth-child(9)]]
17:56:36.992 INFO - Executing: [find element: By.cssSelector: .msg-wrap:nth-child(9)])
17:56:37.001 INFO - Done: [find element: By.cssSelector: .msg-wrap:nth-child(9)]
17:56:37.003 INFO - Executing: [get text: 22 [[ChromeDriver: chrome on MAC (c431d84ea88bfaca6d2d09fe1356c71b)] -> css selector: .msg-wrap:nth-child(9)]])
17:56:37.024 INFO - Done: [get text: 22 [[ChromeDriver: chrome on MAC (c431d84ea88bfaca6d2d09fe1356c71b)] -> css selector: .msg-wrap:nth-child(9)]]
17:56:37.027 INFO - Executing: [find elements: By.cssSelector: .msg-wrap:nth-child(10)])
17:56:37.034 INFO - Done: [find elements: By.cssSelector: .msg-wrap:nth-child(10)]
17:56:37.036 INFO - Executing: [is displayed: 23 [[ChromeDriver: chrome on MAC (c431d84ea88bfaca6d2d09fe1356c71b)] -> css selector: .msg-wrap:nth-child(10)]])
17:56:37.048 INFO - Done: [is displayed: 23 [[ChromeDriver: chrome on MAC (c431d84ea88bfaca6d2d09fe1356c71b)] -> css selector: .msg-wrap:nth-child(10)]]
17:56:37.051 INFO - Executing: [find element: By.cssSelector: .msg-wrap:nth-child(10)])
17:56:37.058 INFO - Done: [find element: By.cssSelector: .msg-wrap:nth-child(10)]
17:56:37.061 INFO - Executing: [get text: 23 [[ChromeDriver: chrome on MAC (c431d84ea88bfaca6d2d09fe1356c71b)] -> css selector: .msg-wrap:nth-child(10)]])
17:56:37.078 INFO - Done: [get text: 23 [[ChromeDriver: chrome on MAC (c431d84ea88bfaca6d2d09fe1356c71b)] -> css selector: .msg-wrap:nth-child(10)]]
17:56:37.082 INFO - Executing: [find element: By.cssSelector: textarea])
17:56:37.089 INFO - Done: [find element: By.cssSelector: textarea]
17:56:37.092 INFO - Executing: [send keys: 24 [[ChromeDriver: chrome on MAC (c431d84ea88bfaca6d2d09fe1356c71b)] -> css selector: textarea], [I,  , f, e, e, l,  , l, i, k, e,  , c, h, i, c, k, e, n,  , t, o, n, i, g, h, t, 
]])
17:56:37.202 INFO - Done: [send keys: 24 [[ChromeDriver: chrome on MAC (c431d84ea88bfaca6d2d09fe1356c71b)] -> css selector: textarea], [I,  , f, e, e, l,  , l, i, k, e,  , c, h, i, c, k, e, n,  , t, o, n, i, g, h, t, 
]]
17:56:37.204 INFO - Executing: [find elements: By.cssSelector: .msg-wrap:nth-child(11)])
17:56:37.212 INFO - Done: [find elements: By.cssSelector: .msg-wrap:nth-child(11)]
17:56:37.718 INFO - Executing: [find elements: By.cssSelector: .msg-wrap:nth-child(11)])
17:56:37.732 INFO - Done: [find elements: By.cssSelector: .msg-wrap:nth-child(11)]
17:56:37.734 INFO - Executing: [is displayed: 25 [[ChromeDriver: chrome on MAC (c431d84ea88bfaca6d2d09fe1356c71b)] -> css selector: .msg-wrap:nth-child(11)]])
17:56:37.747 INFO - Done: [is displayed: 25 [[ChromeDriver: chrome on MAC (c431d84ea88bfaca6d2d09fe1356c71b)] -> css selector: .msg-wrap:nth-child(11)]]
17:56:37.750 INFO - Executing: [find element: By.cssSelector: .msg-wrap:nth-child(11)])
17:56:37.757 INFO - Done: [find element: By.cssSelector: .msg-wrap:nth-child(11)]
17:56:37.759 INFO - Executing: [get text: 25 [[ChromeDriver: chrome on MAC (c431d84ea88bfaca6d2d09fe1356c71b)] -> css selector: .msg-wrap:nth-child(11)]])
17:56:37.780 INFO - Done: [get text: 25 [[ChromeDriver: chrome on MAC (c431d84ea88bfaca6d2d09fe1356c71b)] -> css selector: .msg-wrap:nth-child(11)]]
17:56:37.784 INFO - Executing: [find elements: By.cssSelector: .msg-wrap:nth-child(11)])
17:56:37.795 INFO - Done: [find elements: By.cssSelector: .msg-wrap:nth-child(11)]
17:56:37.798 INFO - Executing: [is displayed: 25 [[ChromeDriver: chrome on MAC (c431d84ea88bfaca6d2d09fe1356c71b)] -> css selector: .msg-wrap:nth-child(11)]])
17:56:37.804 INFO - Done: [is displayed: 25 [[ChromeDriver: chrome on MAC (c431d84ea88bfaca6d2d09fe1356c71b)] -> css selector: .msg-wrap:nth-child(11)]]
17:56:37.808 INFO - Executing: [find element: By.cssSelector: .msg-wrap:nth-child(11)])
17:56:37.814 INFO - Done: [find element: By.cssSelector: .msg-wrap:nth-child(11)]
17:56:37.817 INFO - Executing: [get text: 25 [[ChromeDriver: chrome on MAC (c431d84ea88bfaca6d2d09fe1356c71b)] -> css selector: .msg-wrap:nth-child(11)]])
17:56:37.831 INFO - Done: [get text: 25 [[ChromeDriver: chrome on MAC (c431d84ea88bfaca6d2d09fe1356c71b)] -> css selector: .msg-wrap:nth-child(11)]]
17:56:37.833 INFO - Executing: [find elements: By.cssSelector: .msg-wrap:nth-child(12)])
17:56:37.853 INFO - Done: [find elements: By.cssSelector: .msg-wrap:nth-child(12)]
17:56:37.855 INFO - Executing: [is displayed: 26 [[ChromeDriver: chrome on MAC (c431d84ea88bfaca6d2d09fe1356c71b)] -> css selector: .msg-wrap:nth-child(12)]])
17:56:37.869 INFO - Done: [is displayed: 26 [[ChromeDriver: chrome on MAC (c431d84ea88bfaca6d2d09fe1356c71b)] -> css selector: .msg-wrap:nth-child(12)]]
17:56:37.872 INFO - Executing: [find element: By.cssSelector: .msg-wrap:nth-child(12)])
17:56:37.886 INFO - Done: [find element: By.cssSelector: .msg-wrap:nth-child(12)]
17:56:37.888 INFO - Executing: [get text: 26 [[ChromeDriver: chrome on MAC (c431d84ea88bfaca6d2d09fe1356c71b)] -> css selector: .msg-wrap:nth-child(12)]])
17:56:37.917 INFO - Done: [get text: 26 [[ChromeDriver: chrome on MAC (c431d84ea88bfaca6d2d09fe1356c71b)] -> css selector: .msg-wrap:nth-child(12)]]
17:56:37.920 INFO - Executing: [find elements: By.cssSelector: .msg-wrap:nth-child(12)])
17:56:37.934 INFO - Done: [find elements: By.cssSelector: .msg-wrap:nth-child(12)]
17:56:37.937 INFO - Executing: [is displayed: 26 [[ChromeDriver: chrome on MAC (c431d84ea88bfaca6d2d09fe1356c71b)] -> css selector: .msg-wrap:nth-child(12)]])
17:56:37.949 INFO - Done: [is displayed: 26 [[ChromeDriver: chrome on MAC (c431d84ea88bfaca6d2d09fe1356c71b)] -> css selector: .msg-wrap:nth-child(12)]]
17:56:37.952 INFO - Executing: [find element: By.cssSelector: .msg-wrap:nth-child(12)])
17:56:37.964 INFO - Done: [find element: By.cssSelector: .msg-wrap:nth-child(12)]
17:56:37.967 INFO - Executing: [get text: 26 [[ChromeDriver: chrome on MAC (c431d84ea88bfaca6d2d09fe1356c71b)] -> css selector: .msg-wrap:nth-child(12)]])
17:56:37.988 INFO - Done: [get text: 26 [[ChromeDriver: chrome on MAC (c431d84ea88bfaca6d2d09fe1356c71b)] -> css selector: .msg-wrap:nth-child(12)]]
17:56:37.992 INFO - Executing: [find element: By.cssSelector: textarea])
17:56:37.999 INFO - Done: [find element: By.cssSelector: textarea]
17:56:38.002 INFO - Executing: [send keys: 24 [[ChromeDriver: chrome on MAC (c431d84ea88bfaca6d2d09fe1356c71b)] -> css selector: textarea], [@, U, s, e, r, 1,  , B, o, b,  , s, e, e, m, s,  , k, i, n, d,  , o, f,  , d, u, m, b, 
]])
17:56:38.089 INFO - Done: [send keys: 24 [[ChromeDriver: chrome on MAC (c431d84ea88bfaca6d2d09fe1356c71b)] -> css selector: textarea], [@, U, s, e, r, 1,  , B, o, b,  , s, e, e, m, s,  , k, i, n, d,  , o, f,  , d, u, m, b, 
]]
17:56:38.194 INFO - Executing: [find element: By.cssSelector: textarea])
17:56:38.201 INFO - Done: [find element: By.cssSelector: textarea]
17:56:38.204 INFO - Executing: [send keys: 24 [[ChromeDriver: chrome on MAC (c431d84ea88bfaca6d2d09fe1356c71b)] -> css selector: textarea], [@, U, s, e, r, 1,  , A, m,  , I,  , r, i, g, h, t, ?, 
]])
17:56:38.263 INFO - Done: [send keys: 24 [[ChromeDriver: chrome on MAC (c431d84ea88bfaca6d2d09fe1356c71b)] -> css selector: textarea], [@, U, s, e, r, 1,  , A, m,  , I,  , r, i, g, h, t, ?, 
]]
17:56:38.265 INFO - Executing: [find elements: By.cssSelector: .msg-wrap:nth-child(13)])
17:56:38.279 INFO - Done: [find elements: By.cssSelector: .msg-wrap:nth-child(13)]
17:56:38.281 INFO - Executing: [is displayed: 27 [[ChromeDriver: chrome on MAC (c431d84ea88bfaca6d2d09fe1356c71b)] -> css selector: .msg-wrap:nth-child(13)]])
17:56:38.292 INFO - Done: [is displayed: 27 [[ChromeDriver: chrome on MAC (c431d84ea88bfaca6d2d09fe1356c71b)] -> css selector: .msg-wrap:nth-child(13)]]
17:56:38.297 INFO - Executing: [find element: By.cssSelector: .msg-wrap:nth-child(13)])
17:56:38.340 INFO - Done: [find element: By.cssSelector: .msg-wrap:nth-child(13)]
17:56:38.342 INFO - Executing: [get text: 27 [[ChromeDriver: chrome on MAC (c431d84ea88bfaca6d2d09fe1356c71b)] -> css selector: .msg-wrap:nth-child(13)]])
17:56:38.363 INFO - Done: [get text: 27 [[ChromeDriver: chrome on MAC (c431d84ea88bfaca6d2d09fe1356c71b)] -> css selector: .msg-wrap:nth-child(13)]]
17:56:38.366 INFO - Executing: [find elements: By.cssSelector: .msg-wrap:nth-child(13)])
17:56:38.379 INFO - Done: [find elements: By.cssSelector: .msg-wrap:nth-child(13)]
17:56:38.382 INFO - Executing: [is displayed: 27 [[ChromeDriver: chrome on MAC (c431d84ea88bfaca6d2d09fe1356c71b)] -> css selector: .msg-wrap:nth-child(13)]])
17:56:38.394 INFO - Done: [is displayed: 27 [[ChromeDriver: chrome on MAC (c431d84ea88bfaca6d2d09fe1356c71b)] -> css selector: .msg-wrap:nth-child(13)]]
17:56:38.398 INFO - Executing: [find element: By.cssSelector: .msg-wrap:nth-child(13)])
17:56:38.411 INFO - Done: [find element: By.cssSelector: .msg-wrap:nth-child(13)]
17:56:38.413 INFO - Executing: [get text: 27 [[ChromeDriver: chrome on MAC (c431d84ea88bfaca6d2d09fe1356c71b)] -> css selector: .msg-wrap:nth-child(13)]])
17:56:38.434 INFO - Done: [get text: 27 [[ChromeDriver: chrome on MAC (c431d84ea88bfaca6d2d09fe1356c71b)] -> css selector: .msg-wrap:nth-child(13)]]
17:56:38.437 INFO - Executing: [find elements: By.cssSelector: .msg-wrap:nth-child(14)])
17:56:38.450 INFO - Done: [find elements: By.cssSelector: .msg-wrap:nth-child(14)]
17:56:38.452 INFO - Executing: [is displayed: 28 [[ChromeDriver: chrome on MAC (c431d84ea88bfaca6d2d09fe1356c71b)] -> css selector: .msg-wrap:nth-child(14)]])
17:56:38.464 INFO - Done: [is displayed: 28 [[ChromeDriver: chrome on MAC (c431d84ea88bfaca6d2d09fe1356c71b)] -> css selector: .msg-wrap:nth-child(14)]]
17:56:38.468 INFO - Executing: [find element: By.cssSelector: .msg-wrap:nth-child(14)])
17:56:38.480 INFO - Done: [find element: By.cssSelector: .msg-wrap:nth-child(14)]
17:56:38.483 INFO - Executing: [get text: 28 [[ChromeDriver: chrome on MAC (c431d84ea88bfaca6d2d09fe1356c71b)] -> css selector: .msg-wrap:nth-child(14)]])
17:56:38.504 INFO - Done: [get text: 28 [[ChromeDriver: chrome on MAC (c431d84ea88bfaca6d2d09fe1356c71b)] -> css selector: .msg-wrap:nth-child(14)]]
17:56:38.507 INFO - Executing: [find elements: By.cssSelector: .msg-wrap:nth-child(14)])
17:56:38.520 INFO - Done: [find elements: By.cssSelector: .msg-wrap:nth-child(14)]
17:56:38.522 INFO - Executing: [is displayed: 28 [[ChromeDriver: chrome on MAC (c431d84ea88bfaca6d2d09fe1356c71b)] -> css selector: .msg-wrap:nth-child(14)]])
17:56:38.533 INFO - Done: [is displayed: 28 [[ChromeDriver: chrome on MAC (c431d84ea88bfaca6d2d09fe1356c71b)] -> css selector: .msg-wrap:nth-child(14)]]
17:56:38.536 INFO - Executing: [find element: By.cssSelector: .msg-wrap:nth-child(14)])
17:56:38.549 INFO - Done: [find element: By.cssSelector: .msg-wrap:nth-child(14)]
17:56:38.551 INFO - Executing: [get text: 28 [[ChromeDriver: chrome on MAC (c431d84ea88bfaca6d2d09fe1356c71b)] -> css selector: .msg-wrap:nth-child(14)]])
17:56:38.572 INFO - Done: [get text: 28 [[ChromeDriver: chrome on MAC (c431d84ea88bfaca6d2d09fe1356c71b)] -> css selector: .msg-wrap:nth-child(14)]]
17:56:38.576 INFO - Executing: [switch to window: CDwindow-95806B05-CC4C-47DB-B8AE-B567D2251ECF])
17:56:38.579 INFO - Done: [switch to window: CDwindow-95806B05-CC4C-47DB-B8AE-B567D2251ECF]
17:56:38.581 INFO - Executing: [find elements: By.cssSelector: .msg-wrap:nth-child(12)])
17:56:38.589 INFO - Done: [find elements: By.cssSelector: .msg-wrap:nth-child(12)]
17:56:38.591 INFO - Executing: [is displayed: 29 [[ChromeDriver: chrome on MAC (c431d84ea88bfaca6d2d09fe1356c71b)] -> css selector: .msg-wrap:nth-child(12)]])
17:56:38.602 INFO - Done: [is displayed: 29 [[ChromeDriver: chrome on MAC (c431d84ea88bfaca6d2d09fe1356c71b)] -> css selector: .msg-wrap:nth-child(12)]]
17:56:38.605 INFO - Executing: [find element: By.cssSelector: .msg-wrap:nth-child(12)])
17:56:38.612 INFO - Done: [find element: By.cssSelector: .msg-wrap:nth-child(12)]
17:56:38.614 INFO - Executing: [get text: 29 [[ChromeDriver: chrome on MAC (c431d84ea88bfaca6d2d09fe1356c71b)] -> css selector: .msg-wrap:nth-child(12)]])
17:56:38.631 INFO - Done: [get text: 29 [[ChromeDriver: chrome on MAC (c431d84ea88bfaca6d2d09fe1356c71b)] -> css selector: .msg-wrap:nth-child(12)]]
17:56:38.634 INFO - Executing: [find elements: By.cssSelector: .msg-wrap:nth-child(13)])
17:56:38.641 INFO - Done: [find elements: By.cssSelector: .msg-wrap:nth-child(13)]
17:56:38.643 INFO - Executing: [is displayed: 30 [[ChromeDriver: chrome on MAC (c431d84ea88bfaca6d2d09fe1356c71b)] -> css selector: .msg-wrap:nth-child(13)]])
17:56:38.654 INFO - Done: [is displayed: 30 [[ChromeDriver: chrome on MAC (c431d84ea88bfaca6d2d09fe1356c71b)] -> css selector: .msg-wrap:nth-child(13)]]
17:56:38.657 INFO - Executing: [find element: By.cssSelector: .msg-wrap:nth-child(13)])
17:56:38.663 INFO - Done: [find element: By.cssSelector: .msg-wrap:nth-child(13)]
17:56:38.665 INFO - Executing: [get text: 30 [[ChromeDriver: chrome on MAC (c431d84ea88bfaca6d2d09fe1356c71b)] -> css selector: .msg-wrap:nth-child(13)]])
17:56:38.686 INFO - Done: [get text: 30 [[ChromeDriver: chrome on MAC (c431d84ea88bfaca6d2d09fe1356c71b)] -> css selector: .msg-wrap:nth-child(13)]]
17:56:38.689 INFO - Executing: [find elements: By.cssSelector: .msg-wrap:nth-child(13)])
17:56:38.695 INFO - Done: [find elements: By.cssSelector: .msg-wrap:nth-child(13)]
17:56:38.698 INFO - Executing: [is displayed: 30 [[ChromeDriver: chrome on MAC (c431d84ea88bfaca6d2d09fe1356c71b)] -> css selector: .msg-wrap:nth-child(13)]])
17:56:38.703 INFO - Done: [is displayed: 30 [[ChromeDriver: chrome on MAC (c431d84ea88bfaca6d2d09fe1356c71b)] -> css selector: .msg-wrap:nth-child(13)]]
17:56:38.706 INFO - Executing: [find element: By.cssSelector: .msg-wrap:nth-child(13)])
17:56:38.713 INFO - Done: [find element: By.cssSelector: .msg-wrap:nth-child(13)]
17:56:38.715 INFO - Executing: [get text: 30 [[ChromeDriver: chrome on MAC (c431d84ea88bfaca6d2d09fe1356c71b)] -> css selector: .msg-wrap:nth-child(13)]])
17:56:38.726 INFO - Done: [get text: 30 [[ChromeDriver: chrome on MAC (c431d84ea88bfaca6d2d09fe1356c71b)] -> css selector: .msg-wrap:nth-child(13)]]
17:56:38.729 INFO - Executing: [find elements: By.cssSelector: .msg-wrap:nth-child(14)])
17:56:38.736 INFO - Done: [find elements: By.cssSelector: .msg-wrap:nth-child(14)]
17:56:38.738 INFO - Executing: [is displayed: 31 [[ChromeDriver: chrome on MAC (c431d84ea88bfaca6d2d09fe1356c71b)] -> css selector: .msg-wrap:nth-child(14)]])
17:56:38.749 INFO - Done: [is displayed: 31 [[ChromeDriver: chrome on MAC (c431d84ea88bfaca6d2d09fe1356c71b)] -> css selector: .msg-wrap:nth-child(14)]]
17:56:38.752 INFO - Executing: [find element: By.cssSelector: .msg-wrap:nth-child(14)])
17:56:38.759 INFO - Done: [find element: By.cssSelector: .msg-wrap:nth-child(14)]
17:56:38.762 INFO - Executing: [get text: 31 [[ChromeDriver: chrome on MAC (c431d84ea88bfaca6d2d09fe1356c71b)] -> css selector: .msg-wrap:nth-child(14)]])
17:56:38.781 INFO - Done: [get text: 31 [[ChromeDriver: chrome on MAC (c431d84ea88bfaca6d2d09fe1356c71b)] -> css selector: .msg-wrap:nth-child(14)]]
17:56:38.784 INFO - Executing: [find elements: By.cssSelector: .msg-wrap:nth-child(14)])
17:56:38.790 INFO - Done: [find elements: By.cssSelector: .msg-wrap:nth-child(14)]
17:56:38.792 INFO - Executing: [is displayed: 31 [[ChromeDriver: chrome on MAC (c431d84ea88bfaca6d2d09fe1356c71b)] -> css selector: .msg-wrap:nth-child(14)]])
17:56:38.804 INFO - Done: [is displayed: 31 [[ChromeDriver: chrome on MAC (c431d84ea88bfaca6d2d09fe1356c71b)] -> css selector: .msg-wrap:nth-child(14)]]
17:56:38.807 INFO - Executing: [find element: By.cssSelector: .msg-wrap:nth-child(14)])
17:56:38.813 INFO - Done: [find element: By.cssSelector: .msg-wrap:nth-child(14)]
17:56:38.816 INFO - Executing: [get text: 31 [[ChromeDriver: chrome on MAC (c431d84ea88bfaca6d2d09fe1356c71b)] -> css selector: .msg-wrap:nth-child(14)]])
17:56:38.835 INFO - Done: [get text: 31 [[ChromeDriver: chrome on MAC (c431d84ea88bfaca6d2d09fe1356c71b)] -> css selector: .msg-wrap:nth-child(14)]]
17:56:38.838 INFO - Executing: [find elements: By.cssSelector: .msg-wrap:nth-child(15)])
17:56:38.850 INFO - Done: [find elements: By.cssSelector: .msg-wrap:nth-child(15)]
17:56:38.853 INFO - Executing: [is displayed: 32 [[ChromeDriver: chrome on MAC (c431d84ea88bfaca6d2d09fe1356c71b)] -> css selector: .msg-wrap:nth-child(15)]])
17:56:38.864 INFO - Done: [is displayed: 32 [[ChromeDriver: chrome on MAC (c431d84ea88bfaca6d2d09fe1356c71b)] -> css selector: .msg-wrap:nth-child(15)]]
17:56:38.868 INFO - Executing: [find element: By.cssSelector: .msg-wrap:nth-child(15)])
17:56:38.881 INFO - Done: [find element: By.cssSelector: .msg-wrap:nth-child(15)]
17:56:38.883 INFO - Executing: [get text: 32 [[ChromeDriver: chrome on MAC (c431d84ea88bfaca6d2d09fe1356c71b)] -> css selector: .msg-wrap:nth-child(15)]])
17:56:38.903 INFO - Done: [get text: 32 [[ChromeDriver: chrome on MAC (c431d84ea88bfaca6d2d09fe1356c71b)] -> css selector: .msg-wrap:nth-child(15)]]
17:56:38.906 INFO - Executing: [find elements: By.cssSelector: .msg-wrap:nth-child(15)])
17:56:38.919 INFO - Done: [find elements: By.cssSelector: .msg-wrap:nth-child(15)]
17:56:38.922 INFO - Executing: [is displayed: 32 [[ChromeDriver: chrome on MAC (c431d84ea88bfaca6d2d09fe1356c71b)] -> css selector: .msg-wrap:nth-child(15)]])
17:56:38.933 INFO - Done: [is displayed: 32 [[ChromeDriver: chrome on MAC (c431d84ea88bfaca6d2d09fe1356c71b)] -> css selector: .msg-wrap:nth-child(15)]]
17:56:38.937 INFO - Executing: [find element: By.cssSelector: .msg-wrap:nth-child(15)])
17:56:38.949 INFO - Done: [find element: By.cssSelector: .msg-wrap:nth-child(15)]
17:56:38.952 INFO - Executing: [get text: 32 [[ChromeDriver: chrome on MAC (c431d84ea88bfaca6d2d09fe1356c71b)] -> css selector: .msg-wrap:nth-child(15)]])
17:56:38.972 INFO - Done: [get text: 32 [[ChromeDriver: chrome on MAC (c431d84ea88bfaca6d2d09fe1356c71b)] -> css selector: .msg-wrap:nth-child(15)]]
17:56:38.976 INFO - Executing: [find elements: By.cssSelector: .msg-wrap:nth-child(16)])
17:56:39.004 INFO - Done: [find elements: By.cssSelector: .msg-wrap:nth-child(16)]
17:56:39.006 INFO - Executing: [is displayed: 33 [[ChromeDriver: chrome on MAC (c431d84ea88bfaca6d2d09fe1356c71b)] -> css selector: .msg-wrap:nth-child(16)]])
17:56:39.018 INFO - Done: [is displayed: 33 [[ChromeDriver: chrome on MAC (c431d84ea88bfaca6d2d09fe1356c71b)] -> css selector: .msg-wrap:nth-child(16)]]
17:56:39.021 INFO - Executing: [find element: By.cssSelector: .msg-wrap:nth-child(16)])
17:56:39.033 INFO - Done: [find element: By.cssSelector: .msg-wrap:nth-child(16)]
17:56:39.035 INFO - Executing: [get text: 33 [[ChromeDriver: chrome on MAC (c431d84ea88bfaca6d2d09fe1356c71b)] -> css selector: .msg-wrap:nth-child(16)]])
17:56:39.060 INFO - Done: [get text: 33 [[ChromeDriver: chrome on MAC (c431d84ea88bfaca6d2d09fe1356c71b)] -> css selector: .msg-wrap:nth-child(16)]]
17:56:39.064 INFO - Executing: [find elements: By.cssSelector: .msg-wrap:nth-child(16)])
17:56:39.077 INFO - Done: [find elements: By.cssSelector: .msg-wrap:nth-child(16)]
17:56:39.079 INFO - Executing: [is displayed: 33 [[ChromeDriver: chrome on MAC (c431d84ea88bfaca6d2d09fe1356c71b)] -> css selector: .msg-wrap:nth-child(16)]])
17:56:39.090 INFO - Done: [is displayed: 33 [[ChromeDriver: chrome on MAC (c431d84ea88bfaca6d2d09fe1356c71b)] -> css selector: .msg-wrap:nth-child(16)]]
17:56:39.093 INFO - Executing: [find element: By.cssSelector: .msg-wrap:nth-child(16)])
17:56:39.119 INFO - Done: [find element: By.cssSelector: .msg-wrap:nth-child(16)]
17:56:39.121 INFO - Executing: [get text: 33 [[ChromeDriver: chrome on MAC (c431d84ea88bfaca6d2d09fe1356c71b)] -> css selector: .msg-wrap:nth-child(16)]])
17:56:39.141 INFO - Done: [get text: 33 [[ChromeDriver: chrome on MAC (c431d84ea88bfaca6d2d09fe1356c71b)] -> css selector: .msg-wrap:nth-child(16)]]
17:56:39.145 INFO - Executing: [delete session: 834b8960-d9b1-44f9-a420-4d10f05ae620])
17:56:39.703 INFO - Done: [delete session: 834b8960-d9b1-44f9-a420-4d10f05ae620]
